[0624/165612.157:ERROR:process_reader_win.cc(123)] NtOpenThread: {Access Denied} A process has requested access to an object, but has not been granted those access rights. (0xc0000022)
[0624/165612.155:ERROR:process_reader_win.cc(123)] NtOpenThread: {Access Denied} A process has requested access to an object, but has not been granted those access rights. (0xc0000022)
[0624/165612.163:ERROR:exception_snapshot_win.cc(98)] thread ID 1604 not found in process
[0624/165612.163:ERROR:exception_snapshot_win.cc(98)] thread ID 11344 not found in process
[0624/165612.384:ERROR:process_reader_win.cc(123)] NtOpenThread: {Access Denied} A process has requested access to an object, but has not been granted those access rights. (0xc0000022)
[0624/165612.384:ERROR:exception_snapshot_win.cc(98)] thread ID 14676 not found in process
[0624/171223.452:ERROR:process_info.cc(329)] VirtualQueryEx: Access is denied. (0x5)
[0624/171223.453:ERROR:process_info.cc(556)] ReadMemoryInfo failed
[0624/171223.453:ERROR:scoped_process_suspend.cc(40)] NtResumeProcess: An attempt was made to access an exiting process. (0xc000010a)
[0624/171223.469:ERROR:process_reader_win.cc(123)] NtOpenThread: {Access Denied} A process has requested access to an object, but has not been granted those access rights. (0xc0000022)
[0624/171223.469:ERROR:exception_snapshot_win.cc(98)] thread ID 15280 not found in process
[0626/094637.894:ERROR:scoped_process_suspend.cc(31)] NtSuspendProcess: An attempt was made to access an exiting process. (0xc000010a)
[0626/094637.931:ERROR:process_info.cc(118)] ReadProcessMemory bool __cdecl crashpad::(anonymous namespace)::ReadStruct(HANDLE, crashpad::WinVMAddress, T *) [T = crashpad::process_types::PEB<crashpad::process_types::internal::Traits64>]: Only part of a ReadProcessMemory or WriteProcessMemory request was completed. (0x12B)
[0626/094637.938:ERROR:process_info.cc(551)] ReadProcessData failed
[0626/094638.027:ERROR:process_reader_win.cc(123)] NtOpenThread: {Access Denied} A process has requested access to an object, but has not been granted those access rights. (0xc0000022)
[0626/094638.027:ERROR:exception_snapshot_win.cc(98)] thread ID 8796 not found in process
[0630/150508.676:ERROR:scoped_process_suspend.cc(31)] NtSuspendProcess: An attempt was made to access an exiting process. (0xc000010a)
[0630/150508.744:ERROR:process_reader_win.cc(123)] NtOpenThread: {Access Denied} A process has requested access to an object, but has not been granted those access rights. (0xc0000022)
[0630/150508.756:ERROR:exception_snapshot_win.cc(98)] thread ID 21156 not found in process
[0630/150508.756:ERROR:process_info.cc(118)] ReadProcessMemory bool __cdecl crashpad::(anonymous namespace)::ReadStruct(HANDLE, crashpad::WinVMAddress, T *) [T = crashpad::process_types::PEB<crashpad::process_types::internal::Traits64>]: Only part of a ReadProcessMemory or WriteProcessMemory request was completed. (0x12B)
[0630/150508.756:ERROR:process_info.cc(551)] ReadProcessData failed
